ERROR - 2024-05-31 02:19:57 --> Error connecting to the database: mysqli_sql_exception: Unknown database 'eva' in C:\laragon\www\PersonalProfileCi4-main\vendor\codeigniter4\framework\system\Database\MySQLi\Connection.php:174
Stack trace:
#0 C:\laragon\www\PersonalProfileCi4-main\vendor\codeigniter4\framework\system\Database\MySQLi\Connection.php(174): mysqli->real_connect('localhost', 'root', '', 'eva', 3306, '', 0)
#1 C:\laragon\www\PersonalProfileCi4-main\vendor\codeigniter4\framework\system\Database\BaseConnection.php(391): CodeIgniter\Database\MySQLi\Connection->connect(false)
#2 C:\laragon\www\PersonalProfileCi4-main\vendor\codeigniter4\framework\system\Database\BaseConnection.php(574): CodeIgniter\Database\BaseConnection->initialize()
#3 C:\laragon\www\PersonalProfileCi4-main\vendor\codeigniter4\framework\system\Database\BaseBuilder.php(1616): CodeIgniter\Database\BaseConnection->query('SELECT *\nFROM `...', Array, false)
#4 C:\laragon\www\PersonalProfileCi4-main\vendor\codeigniter4\framework\system\Model.php(268): CodeIgniter\Database\BaseBuilder->get()
#5 C:\laragon\www\PersonalProfileCi4-main\vendor\codeigniter4\framework\system\BaseModel.php(656): CodeIgniter\Model->doFirst()
#6 C:\laragon\www\PersonalProfileCi4-main\app\Controllers\AdminController.php(52): CodeIgniter\BaseModel->first()
#7 C:\laragon\www\PersonalProfileCi4-main\vendor\codeigniter4\framework\system\CodeIgniter.php(934): App\Controllers\AdminController->login()
#8 C:\laragon\www\PersonalProfileCi4-main\vendor\codeigniter4\framework\system\CodeIgniter.php(499): CodeIgniter\CodeIgniter->runController(Object(App\Controllers\AdminController))
#9 C:\laragon\www\PersonalProfileCi4-main\vendor\codeigniter4\framework\system\CodeIgniter.php(368): CodeIgniter\CodeIgniter->handleRequest(NULL, Object(Config\Cache), false)
#10 C:\laragon\www\PersonalProfileCi4-main\public\index.php(70): CodeIgniter\CodeIgniter->run()
#11 C:\laragon\www\PersonalProfileCi4-main\vendor\codeigniter4\framework\system\Commands\Server\rewrite.php(47): require_once('C:\\laragon\\www\\...')
#12 {main}

Next CodeIgniter\Database\Exceptions\DatabaseException: Unknown database 'eva' in C:\laragon\www\PersonalProfileCi4-main\vendor\codeigniter4\framework\system\Database\MySQLi\Connection.php:218
Stack trace:
#0 C:\laragon\www\PersonalProfileCi4-main\vendor\codeigniter4\framework\system\Database\BaseConnection.php(391): CodeIgniter\Database\MySQLi\Connection->connect(false)
#1 C:\laragon\www\PersonalProfileCi4-main\vendor\codeigniter4\framework\system\Database\BaseConnection.php(574): CodeIgniter\Database\BaseConnection->initialize()
#2 C:\laragon\www\PersonalProfileCi4-main\vendor\codeigniter4\framework\system\Database\BaseBuilder.php(1616): CodeIgniter\Database\BaseConnection->query('SELECT *\nFROM `...', Array, false)
#3 C:\laragon\www\PersonalProfileCi4-main\vendor\codeigniter4\framework\system\Model.php(268): CodeIgniter\Database\BaseBuilder->get()
#4 C:\laragon\www\PersonalProfileCi4-main\vendor\codeigniter4\framework\system\BaseModel.php(656): CodeIgniter\Model->doFirst()
#5 C:\laragon\www\PersonalProfileCi4-main\app\Controllers\AdminController.php(52): CodeIgniter\BaseModel->first()
#6 C:\laragon\www\PersonalProfileCi4-main\vendor\codeigniter4\framework\system\CodeIgniter.php(934): App\Controllers\AdminController->login()
#7 C:\laragon\www\PersonalProfileCi4-main\vendor\codeigniter4\framework\system\CodeIgniter.php(499): CodeIgniter\CodeIgniter->runController(Object(App\Controllers\AdminController))
#8 C:\laragon\www\PersonalProfileCi4-main\vendor\codeigniter4\framework\system\CodeIgniter.php(368): CodeIgniter\CodeIgniter->handleRequest(NULL, Object(Config\Cache), false)
#9 C:\laragon\www\PersonalProfileCi4-main\public\index.php(70): CodeIgniter\CodeIgniter->run()
#10 C:\laragon\www\PersonalProfileCi4-main\vendor\codeigniter4\framework\system\Commands\Server\rewrite.php(47): require_once('C:\\laragon\\www\\...')
#11 {main}
CRITICAL - 2024-05-31 02:19:57 --> Unable to connect to the database.
Main connection [MySQLi]: Unknown database 'eva'
in SYSTEMPATH\Database\BaseConnection.php on line 427.
 1 SYSTEMPATH\Database\BaseConnection.php(574): CodeIgniter\Database\BaseConnection->initialize()
 2 SYSTEMPATH\Database\BaseBuilder.php(1616): CodeIgniter\Database\BaseConnection->query('SELECT *
FROM `admin`
WHERE `username` = :username:
 LIMIT 1', [...], false)
 3 SYSTEMPATH\Model.php(268): CodeIgniter\Database\BaseBuilder->get()
 4 SYSTEMPATH\BaseModel.php(656): CodeIgniter\Model->doFirst()
 5 APPPATH\Controllers\AdminController.php(52): CodeIgniter\BaseModel->first()
 6 SYSTEMPATH\CodeIgniter.php(934): App\Controllers\AdminController->login()
 7 SYSTEMPATH\CodeIgniter.php(499): CodeIgniter\CodeIgniter->runController(Object(App\Controllers\AdminController))
 8 SYSTEMPATH\CodeIgniter.php(368): CodeIgniter\CodeIgniter->handleRequest(null, Object(Config\Cache), false)
 9 FCPATH\index.php(70): CodeIgniter\CodeIgniter->run()
10 SYSTEMPATH\Commands\Server\rewrite.php(47): require_once('C:\\laragon\\www\\PersonalProfileCi4-main\\public\\index.php')
ERROR - 2024-05-31 02:19:59 --> Error connecting to the database: mysqli_sql_exception: Unknown database 'eva' in C:\laragon\www\PersonalProfileCi4-main\vendor\codeigniter4\framework\system\Database\MySQLi\Connection.php:174
Stack trace:
#0 C:\laragon\www\PersonalProfileCi4-main\vendor\codeigniter4\framework\system\Database\MySQLi\Connection.php(174): mysqli->real_connect('localhost', 'root', '', 'eva', 3306, '', 0)
#1 C:\laragon\www\PersonalProfileCi4-main\vendor\codeigniter4\framework\system\Database\BaseConnection.php(391): CodeIgniter\Database\MySQLi\Connection->connect(false)
#2 C:\laragon\www\PersonalProfileCi4-main\vendor\codeigniter4\framework\system\Database\BaseConnection.php(574): CodeIgniter\Database\BaseConnection->initialize()
#3 C:\laragon\www\PersonalProfileCi4-main\vendor\codeigniter4\framework\system\Database\BaseBuilder.php(1616): CodeIgniter\Database\BaseConnection->query('SELECT *\nFROM `...', Array, false)
#4 C:\laragon\www\PersonalProfileCi4-main\vendor\codeigniter4\framework\system\Model.php(268): CodeIgniter\Database\BaseBuilder->get()
#5 C:\laragon\www\PersonalProfileCi4-main\vendor\codeigniter4\framework\system\BaseModel.php(656): CodeIgniter\Model->doFirst()
#6 C:\laragon\www\PersonalProfileCi4-main\app\Controllers\AdminController.php(52): CodeIgniter\BaseModel->first()
#7 C:\laragon\www\PersonalProfileCi4-main\vendor\codeigniter4\framework\system\CodeIgniter.php(934): App\Controllers\AdminController->login()
#8 C:\laragon\www\PersonalProfileCi4-main\vendor\codeigniter4\framework\system\CodeIgniter.php(499): CodeIgniter\CodeIgniter->runController(Object(App\Controllers\AdminController))
#9 C:\laragon\www\PersonalProfileCi4-main\vendor\codeigniter4\framework\system\CodeIgniter.php(368): CodeIgniter\CodeIgniter->handleRequest(NULL, Object(Config\Cache), false)
#10 C:\laragon\www\PersonalProfileCi4-main\public\index.php(70): CodeIgniter\CodeIgniter->run()
#11 C:\laragon\www\PersonalProfileCi4-main\vendor\codeigniter4\framework\system\Commands\Server\rewrite.php(47): require_once('C:\\laragon\\www\\...')
#12 {main}

Next CodeIgniter\Database\Exceptions\DatabaseException: Unknown database 'eva' in C:\laragon\www\PersonalProfileCi4-main\vendor\codeigniter4\framework\system\Database\MySQLi\Connection.php:218
Stack trace:
#0 C:\laragon\www\PersonalProfileCi4-main\vendor\codeigniter4\framework\system\Database\BaseConnection.php(391): CodeIgniter\Database\MySQLi\Connection->connect(false)
#1 C:\laragon\www\PersonalProfileCi4-main\vendor\codeigniter4\framework\system\Database\BaseConnection.php(574): CodeIgniter\Database\BaseConnection->initialize()
#2 C:\laragon\www\PersonalProfileCi4-main\vendor\codeigniter4\framework\system\Database\BaseBuilder.php(1616): CodeIgniter\Database\BaseConnection->query('SELECT *\nFROM `...', Array, false)
#3 C:\laragon\www\PersonalProfileCi4-main\vendor\codeigniter4\framework\system\Model.php(268): CodeIgniter\Database\BaseBuilder->get()
#4 C:\laragon\www\PersonalProfileCi4-main\vendor\codeigniter4\framework\system\BaseModel.php(656): CodeIgniter\Model->doFirst()
#5 C:\laragon\www\PersonalProfileCi4-main\app\Controllers\AdminController.php(52): CodeIgniter\BaseModel->first()
#6 C:\laragon\www\PersonalProfileCi4-main\vendor\codeigniter4\framework\system\CodeIgniter.php(934): App\Controllers\AdminController->login()
#7 C:\laragon\www\PersonalProfileCi4-main\vendor\codeigniter4\framework\system\CodeIgniter.php(499): CodeIgniter\CodeIgniter->runController(Object(App\Controllers\AdminController))
#8 C:\laragon\www\PersonalProfileCi4-main\vendor\codeigniter4\framework\system\CodeIgniter.php(368): CodeIgniter\CodeIgniter->handleRequest(NULL, Object(Config\Cache), false)
#9 C:\laragon\www\PersonalProfileCi4-main\public\index.php(70): CodeIgniter\CodeIgniter->run()
#10 C:\laragon\www\PersonalProfileCi4-main\vendor\codeigniter4\framework\system\Commands\Server\rewrite.php(47): require_once('C:\\laragon\\www\\...')
#11 {main}
CRITICAL - 2024-05-31 02:19:59 --> Unable to connect to the database.
Main connection [MySQLi]: Unknown database 'eva'
in SYSTEMPATH\Database\BaseConnection.php on line 427.
 1 SYSTEMPATH\Database\BaseConnection.php(574): CodeIgniter\Database\BaseConnection->initialize()
 2 SYSTEMPATH\Database\BaseBuilder.php(1616): CodeIgniter\Database\BaseConnection->query('SELECT *
FROM `admin`
WHERE `username` = :username:
 LIMIT 1', [...], false)
 3 SYSTEMPATH\Model.php(268): CodeIgniter\Database\BaseBuilder->get()
 4 SYSTEMPATH\BaseModel.php(656): CodeIgniter\Model->doFirst()
 5 APPPATH\Controllers\AdminController.php(52): CodeIgniter\BaseModel->first()
 6 SYSTEMPATH\CodeIgniter.php(934): App\Controllers\AdminController->login()
 7 SYSTEMPATH\CodeIgniter.php(499): CodeIgniter\CodeIgniter->runController(Object(App\Controllers\AdminController))
 8 SYSTEMPATH\CodeIgniter.php(368): CodeIgniter\CodeIgniter->handleRequest(null, Object(Config\Cache), false)
 9 FCPATH\index.php(70): CodeIgniter\CodeIgniter->run()
10 SYSTEMPATH\Commands\Server\rewrite.php(47): require_once('C:\\laragon\\www\\PersonalProfileCi4-main\\public\\index.php')
ERROR - 2024-05-31 02:20:00 --> Error connecting to the database: mysqli_sql_exception: Unknown database 'eva' in C:\laragon\www\PersonalProfileCi4-main\vendor\codeigniter4\framework\system\Database\MySQLi\Connection.php:174
Stack trace:
#0 C:\laragon\www\PersonalProfileCi4-main\vendor\codeigniter4\framework\system\Database\MySQLi\Connection.php(174): mysqli->real_connect('localhost', 'root', '', 'eva', 3306, '', 0)
#1 C:\laragon\www\PersonalProfileCi4-main\vendor\codeigniter4\framework\system\Database\BaseConnection.php(391): CodeIgniter\Database\MySQLi\Connection->connect(false)
#2 C:\laragon\www\PersonalProfileCi4-main\vendor\codeigniter4\framework\system\Database\BaseConnection.php(574): CodeIgniter\Database\BaseConnection->initialize()
#3 C:\laragon\www\PersonalProfileCi4-main\vendor\codeigniter4\framework\system\Database\BaseBuilder.php(1616): CodeIgniter\Database\BaseConnection->query('SELECT *\nFROM `...', Array, false)
#4 C:\laragon\www\PersonalProfileCi4-main\vendor\codeigniter4\framework\system\Model.php(268): CodeIgniter\Database\BaseBuilder->get()
#5 C:\laragon\www\PersonalProfileCi4-main\vendor\codeigniter4\framework\system\BaseModel.php(656): CodeIgniter\Model->doFirst()
#6 C:\laragon\www\PersonalProfileCi4-main\app\Controllers\AdminController.php(52): CodeIgniter\BaseModel->first()
#7 C:\laragon\www\PersonalProfileCi4-main\vendor\codeigniter4\framework\system\CodeIgniter.php(934): App\Controllers\AdminController->login()
#8 C:\laragon\www\PersonalProfileCi4-main\vendor\codeigniter4\framework\system\CodeIgniter.php(499): CodeIgniter\CodeIgniter->runController(Object(App\Controllers\AdminController))
#9 C:\laragon\www\PersonalProfileCi4-main\vendor\codeigniter4\framework\system\CodeIgniter.php(368): CodeIgniter\CodeIgniter->handleRequest(NULL, Object(Config\Cache), false)
#10 C:\laragon\www\PersonalProfileCi4-main\public\index.php(70): CodeIgniter\CodeIgniter->run()
#11 C:\laragon\www\PersonalProfileCi4-main\vendor\codeigniter4\framework\system\Commands\Server\rewrite.php(47): require_once('C:\\laragon\\www\\...')
#12 {main}

Next CodeIgniter\Database\Exceptions\DatabaseException: Unknown database 'eva' in C:\laragon\www\PersonalProfileCi4-main\vendor\codeigniter4\framework\system\Database\MySQLi\Connection.php:218
Stack trace:
#0 C:\laragon\www\PersonalProfileCi4-main\vendor\codeigniter4\framework\system\Database\BaseConnection.php(391): CodeIgniter\Database\MySQLi\Connection->connect(false)
#1 C:\laragon\www\PersonalProfileCi4-main\vendor\codeigniter4\framework\system\Database\BaseConnection.php(574): CodeIgniter\Database\BaseConnection->initialize()
#2 C:\laragon\www\PersonalProfileCi4-main\vendor\codeigniter4\framework\system\Database\BaseBuilder.php(1616): CodeIgniter\Database\BaseConnection->query('SELECT *\nFROM `...', Array, false)
#3 C:\laragon\www\PersonalProfileCi4-main\vendor\codeigniter4\framework\system\Model.php(268): CodeIgniter\Database\BaseBuilder->get()
#4 C:\laragon\www\PersonalProfileCi4-main\vendor\codeigniter4\framework\system\BaseModel.php(656): CodeIgniter\Model->doFirst()
#5 C:\laragon\www\PersonalProfileCi4-main\app\Controllers\AdminController.php(52): CodeIgniter\BaseModel->first()
#6 C:\laragon\www\PersonalProfileCi4-main\vendor\codeigniter4\framework\system\CodeIgniter.php(934): App\Controllers\AdminController->login()
#7 C:\laragon\www\PersonalProfileCi4-main\vendor\codeigniter4\framework\system\CodeIgniter.php(499): CodeIgniter\CodeIgniter->runController(Object(App\Controllers\AdminController))
#8 C:\laragon\www\PersonalProfileCi4-main\vendor\codeigniter4\framework\system\CodeIgniter.php(368): CodeIgniter\CodeIgniter->handleRequest(NULL, Object(Config\Cache), false)
#9 C:\laragon\www\PersonalProfileCi4-main\public\index.php(70): CodeIgniter\CodeIgniter->run()
#10 C:\laragon\www\PersonalProfileCi4-main\vendor\codeigniter4\framework\system\Commands\Server\rewrite.php(47): require_once('C:\\laragon\\www\\...')
#11 {main}
CRITICAL - 2024-05-31 02:20:00 --> Unable to connect to the database.
Main connection [MySQLi]: Unknown database 'eva'
in SYSTEMPATH\Database\BaseConnection.php on line 427.
 1 SYSTEMPATH\Database\BaseConnection.php(574): CodeIgniter\Database\BaseConnection->initialize()
 2 SYSTEMPATH\Database\BaseBuilder.php(1616): CodeIgniter\Database\BaseConnection->query('SELECT *
FROM `admin`
WHERE `username` = :username:
 LIMIT 1', [...], false)
 3 SYSTEMPATH\Model.php(268): CodeIgniter\Database\BaseBuilder->get()
 4 SYSTEMPATH\BaseModel.php(656): CodeIgniter\Model->doFirst()
 5 APPPATH\Controllers\AdminController.php(52): CodeIgniter\BaseModel->first()
 6 SYSTEMPATH\CodeIgniter.php(934): App\Controllers\AdminController->login()
 7 SYSTEMPATH\CodeIgniter.php(499): CodeIgniter\CodeIgniter->runController(Object(App\Controllers\AdminController))
 8 SYSTEMPATH\CodeIgniter.php(368): CodeIgniter\CodeIgniter->handleRequest(null, Object(Config\Cache), false)
 9 FCPATH\index.php(70): CodeIgniter\CodeIgniter->run()
10 SYSTEMPATH\Commands\Server\rewrite.php(47): require_once('C:\\laragon\\www\\PersonalProfileCi4-main\\public\\index.php')
ERROR - 2024-05-31 02:20:09 --> Error connecting to the database: mysqli_sql_exception: Unknown database 'eva' in C:\laragon\www\PersonalProfileCi4-main\vendor\codeigniter4\framework\system\Database\MySQLi\Connection.php:174
Stack trace:
#0 C:\laragon\www\PersonalProfileCi4-main\vendor\codeigniter4\framework\system\Database\MySQLi\Connection.php(174): mysqli->real_connect('localhost', 'root', '', 'eva', 3306, '', 0)
#1 C:\laragon\www\PersonalProfileCi4-main\vendor\codeigniter4\framework\system\Database\BaseConnection.php(391): CodeIgniter\Database\MySQLi\Connection->connect(false)
#2 C:\laragon\www\PersonalProfileCi4-main\vendor\codeigniter4\framework\system\Database\BaseConnection.php(574): CodeIgniter\Database\BaseConnection->initialize()
#3 C:\laragon\www\PersonalProfileCi4-main\vendor\codeigniter4\framework\system\Database\BaseBuilder.php(1616): CodeIgniter\Database\BaseConnection->query('SELECT *\nFROM `...', Array, false)
#4 C:\laragon\www\PersonalProfileCi4-main\vendor\codeigniter4\framework\system\Model.php(268): CodeIgniter\Database\BaseBuilder->get()
#5 C:\laragon\www\PersonalProfileCi4-main\vendor\codeigniter4\framework\system\BaseModel.php(656): CodeIgniter\Model->doFirst()
#6 C:\laragon\www\PersonalProfileCi4-main\app\Controllers\AdminController.php(52): CodeIgniter\BaseModel->first()
#7 C:\laragon\www\PersonalProfileCi4-main\vendor\codeigniter4\framework\system\CodeIgniter.php(934): App\Controllers\AdminController->login()
#8 C:\laragon\www\PersonalProfileCi4-main\vendor\codeigniter4\framework\system\CodeIgniter.php(499): CodeIgniter\CodeIgniter->runController(Object(App\Controllers\AdminController))
#9 C:\laragon\www\PersonalProfileCi4-main\vendor\codeigniter4\framework\system\CodeIgniter.php(368): CodeIgniter\CodeIgniter->handleRequest(NULL, Object(Config\Cache), false)
#10 C:\laragon\www\PersonalProfileCi4-main\public\index.php(70): CodeIgniter\CodeIgniter->run()
#11 C:\laragon\www\PersonalProfileCi4-main\vendor\codeigniter4\framework\system\Commands\Server\rewrite.php(47): require_once('C:\\laragon\\www\\...')
#12 {main}

Next CodeIgniter\Database\Exceptions\DatabaseException: Unknown database 'eva' in C:\laragon\www\PersonalProfileCi4-main\vendor\codeigniter4\framework\system\Database\MySQLi\Connection.php:218
Stack trace:
#0 C:\laragon\www\PersonalProfileCi4-main\vendor\codeigniter4\framework\system\Database\BaseConnection.php(391): CodeIgniter\Database\MySQLi\Connection->connect(false)
#1 C:\laragon\www\PersonalProfileCi4-main\vendor\codeigniter4\framework\system\Database\BaseConnection.php(574): CodeIgniter\Database\BaseConnection->initialize()
#2 C:\laragon\www\PersonalProfileCi4-main\vendor\codeigniter4\framework\system\Database\BaseBuilder.php(1616): CodeIgniter\Database\BaseConnection->query('SELECT *\nFROM `...', Array, false)
#3 C:\laragon\www\PersonalProfileCi4-main\vendor\codeigniter4\framework\system\Model.php(268): CodeIgniter\Database\BaseBuilder->get()
#4 C:\laragon\www\PersonalProfileCi4-main\vendor\codeigniter4\framework\system\BaseModel.php(656): CodeIgniter\Model->doFirst()
#5 C:\laragon\www\PersonalProfileCi4-main\app\Controllers\AdminController.php(52): CodeIgniter\BaseModel->first()
#6 C:\laragon\www\PersonalProfileCi4-main\vendor\codeigniter4\framework\system\CodeIgniter.php(934): App\Controllers\AdminController->login()
#7 C:\laragon\www\PersonalProfileCi4-main\vendor\codeigniter4\framework\system\CodeIgniter.php(499): CodeIgniter\CodeIgniter->runController(Object(App\Controllers\AdminController))
#8 C:\laragon\www\PersonalProfileCi4-main\vendor\codeigniter4\framework\system\CodeIgniter.php(368): CodeIgniter\CodeIgniter->handleRequest(NULL, Object(Config\Cache), false)
#9 C:\laragon\www\PersonalProfileCi4-main\public\index.php(70): CodeIgniter\CodeIgniter->run()
#10 C:\laragon\www\PersonalProfileCi4-main\vendor\codeigniter4\framework\system\Commands\Server\rewrite.php(47): require_once('C:\\laragon\\www\\...')
#11 {main}
CRITICAL - 2024-05-31 02:20:09 --> Unable to connect to the database.
Main connection [MySQLi]: Unknown database 'eva'
in SYSTEMPATH\Database\BaseConnection.php on line 427.
 1 SYSTEMPATH\Database\BaseConnection.php(574): CodeIgniter\Database\BaseConnection->initialize()
 2 SYSTEMPATH\Database\BaseBuilder.php(1616): CodeIgniter\Database\BaseConnection->query('SELECT *
FROM `admin`
WHERE `username` = :username:
 LIMIT 1', [...], false)
 3 SYSTEMPATH\Model.php(268): CodeIgniter\Database\BaseBuilder->get()
 4 SYSTEMPATH\BaseModel.php(656): CodeIgniter\Model->doFirst()
 5 APPPATH\Controllers\AdminController.php(52): CodeIgniter\BaseModel->first()
 6 SYSTEMPATH\CodeIgniter.php(934): App\Controllers\AdminController->login()
 7 SYSTEMPATH\CodeIgniter.php(499): CodeIgniter\CodeIgniter->runController(Object(App\Controllers\AdminController))
 8 SYSTEMPATH\CodeIgniter.php(368): CodeIgniter\CodeIgniter->handleRequest(null, Object(Config\Cache), false)
 9 FCPATH\index.php(70): CodeIgniter\CodeIgniter->run()
10 SYSTEMPATH\Commands\Server\rewrite.php(47): require_once('C:\\laragon\\www\\PersonalProfileCi4-main\\public\\index.php')
CRITICAL - 2024-05-31 02:36:46 --> Undefined variable $data
in APPPATH\Views\personal\about.php on line 89.
 1 APPPATH\Views\personal\about.php(89): CodeIgniter\Debug\Exceptions->errorHandler(2, 'Undefined variable $data', 'C:\\laragon\\www\\PersonalProfileCi4-main\\app\\Views\\personal\\about.php', 89)
 2 SYSTEMPATH\View\View.php(213): include('C:\\laragon\\www\\PersonalProfileCi4-main\\app\\Views\\personal\\about.php')
 3 SYSTEMPATH\View\View.php(216): CodeIgniter\View\View->CodeIgniter\View\{closure}()
 4 SYSTEMPATH\Common.php(1184): CodeIgniter\View\View->render('personal/about', [], true)
 5 APPPATH\Controllers\About.php(11): view('personal/about')
 6 SYSTEMPATH\CodeIgniter.php(934): App\Controllers\About->index()
 7 SYSTEMPATH\CodeIgniter.php(499): CodeIgniter\CodeIgniter->runController(Object(App\Controllers\About))
 8 SYSTEMPATH\CodeIgniter.php(368): CodeIgniter\CodeIgniter->handleRequest(null, Object(Config\Cache), false)
 9 FCPATH\index.php(70): CodeIgniter\CodeIgniter->run()
10 SYSTEMPATH\Commands\Server\rewrite.php(47): require_once('C:\\laragon\\www\\PersonalProfileCi4-main\\public\\index.php')
CRITICAL - 2024-05-31 02:37:12 --> Undefined variable $data
in APPPATH\Views\personal\about.php on line 89.
 1 APPPATH\Views\personal\about.php(89): CodeIgniter\Debug\Exceptions->errorHandler(2, 'Undefined variable $data', 'C:\\laragon\\www\\PersonalProfileCi4-main\\app\\Views\\personal\\about.php', 89)
 2 SYSTEMPATH\View\View.php(213): include('C:\\laragon\\www\\PersonalProfileCi4-main\\app\\Views\\personal\\about.php')
 3 SYSTEMPATH\View\View.php(216): CodeIgniter\View\View->CodeIgniter\View\{closure}()
 4 SYSTEMPATH\Common.php(1184): CodeIgniter\View\View->render('personal/about', [], true)
 5 APPPATH\Controllers\About.php(11): view('personal/about')
 6 SYSTEMPATH\CodeIgniter.php(934): App\Controllers\About->index()
 7 SYSTEMPATH\CodeIgniter.php(499): CodeIgniter\CodeIgniter->runController(Object(App\Controllers\About))
 8 SYSTEMPATH\CodeIgniter.php(368): CodeIgniter\CodeIgniter->handleRequest(null, Object(Config\Cache), false)
 9 FCPATH\index.php(70): CodeIgniter\CodeIgniter->run()
10 SYSTEMPATH\Commands\Server\rewrite.php(47): require_once('C:\\laragon\\www\\PersonalProfileCi4-main\\public\\index.php')
CRITICAL - 2024-05-31 02:39:55 --> Undefined variable $data
in APPPATH\Views\personal\about.php on line 89.
 1 APPPATH\Views\personal\about.php(89): CodeIgniter\Debug\Exceptions->errorHandler(2, 'Undefined variable $data', 'C:\\laragon\\www\\PersonalProfileCi4-main\\app\\Views\\personal\\about.php', 89)
 2 SYSTEMPATH\View\View.php(213): include('C:\\laragon\\www\\PersonalProfileCi4-main\\app\\Views\\personal\\about.php')
 3 SYSTEMPATH\View\View.php(216): CodeIgniter\View\View->CodeIgniter\View\{closure}()
 4 SYSTEMPATH\Common.php(1184): CodeIgniter\View\View->render('personal/about', [], true)
 5 APPPATH\Controllers\About.php(11): view('personal/about')
 6 SYSTEMPATH\CodeIgniter.php(934): App\Controllers\About->index()
 7 SYSTEMPATH\CodeIgniter.php(499): CodeIgniter\CodeIgniter->runController(Object(App\Controllers\About))
 8 SYSTEMPATH\CodeIgniter.php(368): CodeIgniter\CodeIgniter->handleRequest(null, Object(Config\Cache), false)
 9 FCPATH\index.php(70): CodeIgniter\CodeIgniter->run()
10 SYSTEMPATH\Commands\Server\rewrite.php(47): require_once('C:\\laragon\\www\\PersonalProfileCi4-main\\public\\index.php')
CRITICAL - 2024-05-31 02:40:00 --> Undefined variable $data
in APPPATH\Views\personal\about.php on line 89.
 1 APPPATH\Views\personal\about.php(89): CodeIgniter\Debug\Exceptions->errorHandler(2, 'Undefined variable $data', 'C:\\laragon\\www\\PersonalProfileCi4-main\\app\\Views\\personal\\about.php', 89)
 2 SYSTEMPATH\View\View.php(213): include('C:\\laragon\\www\\PersonalProfileCi4-main\\app\\Views\\personal\\about.php')
 3 SYSTEMPATH\View\View.php(216): CodeIgniter\View\View->CodeIgniter\View\{closure}()
 4 SYSTEMPATH\Common.php(1184): CodeIgniter\View\View->render('personal/about', [], true)
 5 APPPATH\Controllers\About.php(11): view('personal/about')
 6 SYSTEMPATH\CodeIgniter.php(934): App\Controllers\About->index()
 7 SYSTEMPATH\CodeIgniter.php(499): CodeIgniter\CodeIgniter->runController(Object(App\Controllers\About))
 8 SYSTEMPATH\CodeIgniter.php(368): CodeIgniter\CodeIgniter->handleRequest(null, Object(Config\Cache), false)
 9 FCPATH\index.php(70): CodeIgniter\CodeIgniter->run()
10 SYSTEMPATH\Commands\Server\rewrite.php(47): require_once('C:\\laragon\\www\\PersonalProfileCi4-main\\public\\index.php')
CRITICAL - 2024-05-31 02:41:46 --> Undefined variable $data
in APPPATH\Views\personal\about.php on line 89.
 1 APPPATH\Views\personal\about.php(89): CodeIgniter\Debug\Exceptions->errorHandler(2, 'Undefined variable $data', 'C:\\laragon\\www\\PersonalProfileCi4-main\\app\\Views\\personal\\about.php', 89)
 2 SYSTEMPATH\View\View.php(213): include('C:\\laragon\\www\\PersonalProfileCi4-main\\app\\Views\\personal\\about.php')
 3 SYSTEMPATH\View\View.php(216): CodeIgniter\View\View->CodeIgniter\View\{closure}()
 4 SYSTEMPATH\Common.php(1184): CodeIgniter\View\View->render('personal/about', [], true)
 5 APPPATH\Controllers\About.php(11): view('personal/about')
 6 SYSTEMPATH\CodeIgniter.php(934): App\Controllers\About->index()
 7 SYSTEMPATH\CodeIgniter.php(499): CodeIgniter\CodeIgniter->runController(Object(App\Controllers\About))
 8 SYSTEMPATH\CodeIgniter.php(368): CodeIgniter\CodeIgniter->handleRequest(null, Object(Config\Cache), false)
 9 FCPATH\index.php(70): CodeIgniter\CodeIgniter->run()
10 SYSTEMPATH\Commands\Server\rewrite.php(47): require_once('C:\\laragon\\www\\PersonalProfileCi4-main\\public\\index.php')
CRITICAL - 2024-05-31 02:41:47 --> Undefined variable $data
in APPPATH\Views\personal\about.php on line 89.
 1 APPPATH\Views\personal\about.php(89): CodeIgniter\Debug\Exceptions->errorHandler(2, 'Undefined variable $data', 'C:\\laragon\\www\\PersonalProfileCi4-main\\app\\Views\\personal\\about.php', 89)
 2 SYSTEMPATH\View\View.php(213): include('C:\\laragon\\www\\PersonalProfileCi4-main\\app\\Views\\personal\\about.php')
 3 SYSTEMPATH\View\View.php(216): CodeIgniter\View\View->CodeIgniter\View\{closure}()
 4 SYSTEMPATH\Common.php(1184): CodeIgniter\View\View->render('personal/about', [], true)
 5 APPPATH\Controllers\About.php(11): view('personal/about')
 6 SYSTEMPATH\CodeIgniter.php(934): App\Controllers\About->index()
 7 SYSTEMPATH\CodeIgniter.php(499): CodeIgniter\CodeIgniter->runController(Object(App\Controllers\About))
 8 SYSTEMPATH\CodeIgniter.php(368): CodeIgniter\CodeIgniter->handleRequest(null, Object(Config\Cache), false)
 9 FCPATH\index.php(70): CodeIgniter\CodeIgniter->run()
10 SYSTEMPATH\Commands\Server\rewrite.php(47): require_once('C:\\laragon\\www\\PersonalProfileCi4-main\\public\\index.php')
CRITICAL - 2024-05-31 02:43:37 --> Undefined variable $data
in APPPATH\Views\personal\about.php on line 88.
 1 APPPATH\Views\personal\about.php(88): CodeIgniter\Debug\Exceptions->errorHandler(2, 'Undefined variable $data', 'C:\\laragon\\www\\PersonalProfileCi4-main\\app\\Views\\personal\\about.php', 88)
 2 SYSTEMPATH\View\View.php(213): include('C:\\laragon\\www\\PersonalProfileCi4-main\\app\\Views\\personal\\about.php')
 3 SYSTEMPATH\View\View.php(216): CodeIgniter\View\View->CodeIgniter\View\{closure}()
 4 SYSTEMPATH\Common.php(1184): CodeIgniter\View\View->render('personal/about', [], true)
 5 APPPATH\Controllers\About.php(11): view('personal/about')
 6 SYSTEMPATH\CodeIgniter.php(934): App\Controllers\About->index()
 7 SYSTEMPATH\CodeIgniter.php(499): CodeIgniter\CodeIgniter->runController(Object(App\Controllers\About))
 8 SYSTEMPATH\CodeIgniter.php(368): CodeIgniter\CodeIgniter->handleRequest(null, Object(Config\Cache), false)
 9 FCPATH\index.php(70): CodeIgniter\CodeIgniter->run()
10 SYSTEMPATH\Commands\Server\rewrite.php(47): require_once('C:\\laragon\\www\\PersonalProfileCi4-main\\public\\index.php')
CRITICAL - 2024-05-31 02:45:18 --> Undefined variable $data
in APPPATH\Views\personal\about.php on line 88.
 1 APPPATH\Views\personal\about.php(88): CodeIgniter\Debug\Exceptions->errorHandler(2, 'Undefined variable $data', 'C:\\laragon\\www\\PersonalProfileCi4-main\\app\\Views\\personal\\about.php', 88)
 2 SYSTEMPATH\View\View.php(213): include('C:\\laragon\\www\\PersonalProfileCi4-main\\app\\Views\\personal\\about.php')
 3 SYSTEMPATH\View\View.php(216): CodeIgniter\View\View->CodeIgniter\View\{closure}()
 4 SYSTEMPATH\Common.php(1184): CodeIgniter\View\View->render('personal/about', [], true)
 5 APPPATH\Controllers\About.php(11): view('personal/about')
 6 SYSTEMPATH\CodeIgniter.php(934): App\Controllers\About->index()
 7 SYSTEMPATH\CodeIgniter.php(499): CodeIgniter\CodeIgniter->runController(Object(App\Controllers\About))
 8 SYSTEMPATH\CodeIgniter.php(368): CodeIgniter\CodeIgniter->handleRequest(null, Object(Config\Cache), false)
 9 FCPATH\index.php(70): CodeIgniter\CodeIgniter->run()
10 SYSTEMPATH\Commands\Server\rewrite.php(47): require_once('C:\\laragon\\www\\PersonalProfileCi4-main\\public\\index.php')
